<?xml version="1.0" encoding="UTF-8"?>
<!-- Generated by org.testng.reporters.JUnitReportReporter -->
<testsuite hostname="Rania-LAP" failures="0" tests="3" name="tests.AddAdvertisingTest" time="63.551" errors="0" timestamp="2020-11-28T00:22:49 EET" skipped="0">
  <testcase classname="tests.AddAdvertisingTest" name="Add_Advertising_InVaildLogin" time="3.100"/>
  <system-out/>
  <testcase classname="tests.AddAdvertisingTest" name="Add_Advertising_VaildLogin" time="6.948"/>
  <system-out/>
  <testcase classname="tests.AddAdvertisingTest" name="FillForm" time="53.503"/>
  <system-out/>
</testsuite> <!-- tests.AddAdvertisingTest -->
