<?xml version="1.0" encoding="UTF-8"?>
<!-- Generated by org.testng.reporters.JUnitReportReporter -->
<testsuite hostname="Rania-LAP" failures="0" tests="1" name="tests.SearchingForCarsTest" time="79.676" errors="0" timestamp="2020-11-28T00:22:49 EET" skipped="0">
  <testcase classname="tests.SearchingForCarsTest" name="SearchTest" time="79.676"/>
  <system-out/>
</testsuite> <!-- tests.SearchingForCarsTest -->
